

--sst_file=['/scratch/phanso1/DIAMANTE-EAS.sumstat-for_susiex.txt', '/scratch/phanso1/DIAMANTE-EUR.sumstat-for_susiex.txt', '/scratch/phanso1/DIAMANTE-SAS.sumstat-for_susiex.txt']
--n_gwas=[56268, 80154, 16540]
--ref_file=['../../data/ref/1kg/plink_format/eas/g1000_eas', '../../data/ref/1kg/plink_format/eur/g1000_eur', '../../data/ref/1kg/plink_format/sas/g1000_sas']
--ld_file=['/scratch/phanso1/susiex_ld_eas', '/scratch/phanso1/susiex_ld_eur', '/scratch/phanso1/susiex_ld_sas']
--out_dir=out
--out_name=test
--chr=2
--bp=[27230940, 28230940]
--chr_col=[1, 1, 1]
--snp_col=[4, 4, 4]
--bp_col=[2, 2, 2]
--a1_col=[5, 5, 5]
--a2_col=[6, 6, 6]
--eff_col=[8, 8, 8]
--se_col=[9, 9, 9]
--pval_col=[10, 10, 10]
--plink=plink
--keep-ambig=TRUE
--maf=0.01
--n_sig=5
--level=0.95
--min_purity=0.5
--mult-step=TRUE
--full_out=FALSE
--pval_thresh=1e-06
--max_iter=100
--tol=0.0001
--precmp=True


... parse reference file: /scratch/phanso1/susiex_ld_eas_ref.bim ...
... 1123 SNPs in the fine-mapping region read from /scratch/phanso1/susiex_ld_eas_ref.bim ...
... parse reference file: /scratch/phanso1/susiex_ld_eur_ref.bim ...
... 1732 SNPs in the fine-mapping region read from /scratch/phanso1/susiex_ld_eur_ref.bim ...
... parse reference file: /scratch/phanso1/susiex_ld_sas_ref.bim ...
... 1475 SNPs in the fine-mapping region read from /scratch/phanso1/susiex_ld_sas_ref.bim ...
... parse sumstats file: /scratch/phanso1/DIAMANTE-EAS.sumstat-for_susiex.txt ...
... 1445 SNPs in the fine-mapping region read from /scratch/phanso1/DIAMANTE-EAS.sumstat-for_susiex.txt ...
... 827 common SNPs in the reference and sumstats ...
... parse sumstats file: /scratch/phanso1/DIAMANTE-EUR.sumstat-for_susiex.txt ...
... 2151 SNPs in the fine-mapping region read from /scratch/phanso1/DIAMANTE-EUR.sumstat-for_susiex.txt ...
... 1587 common SNPs in the reference and sumstats ...
... parse sumstats file: /scratch/phanso1/DIAMANTE-SAS.sumstat-for_susiex.txt ...
... 2101 SNPs in the fine-mapping region read from /scratch/phanso1/DIAMANTE-SAS.sumstat-for_susiex.txt ...
... 1125 common SNPs in the reference and sumstats ...
... parse LD file: /scratch/phanso1/susiex_ld_eas.ld.gz ...
... (827, 827) LD matrix read from /scratch/phanso1/susiex_ld_eas.ld.gz ...
... parse LD file: /scratch/phanso1/susiex_ld_eur.ld.gz ...
... (1587, 1587) LD matrix read from /scratch/phanso1/susiex_ld_eur.ld.gz ...
... parse LD file: /scratch/phanso1/susiex_ld_sas.ld.gz ...
... (1125, 1125) LD matrix read from /scratch/phanso1/susiex_ld_sas.ld.gz ...
... align summary statistics and LD references across populations ...
... a total of 1697 SNPs across populations ...
* Mult-step model fitting *
... fit SuSiEx model with 5 signals...
--- iter-1 ---
--- iter-2 ---
--- iter-3 ---
--- iter-4 ---
--- iter-5 ---
--- iter-6 ---
... calculate credible sets and PIPs ...
... write credible sets to file: out/test.summary/.cs/.snp ...
... Done ...

