

--sst_file=['/scratch/phanso1/DIAMANTE-EAS.sumstat-for_susiex.txt', '/scratch/phanso1/DIAMANTE-EUR.sumstat-for_susiex.txt', '/scratch/phanso1/DIAMANTE-SAS.sumstat-for_susiex.txt']
--n_gwas=[39, 32, 15]
--ref_file=['../data/reference_panels/1000_genomes/eas/g1000_eas', '../data/reference_panels/1000_genomes/eur/g1000_eur', '../data/reference_panels/1000_genomes/sas/g1000_sas']
--ld_file=['/scratch/phanso1/susiex_ld_eas', '/scratch/phanso1/susiex_ld_eur', '/scratch/phanso1/susiex_ld_sas']
--out_dir=./susiex_out/
--out_name=test
--chr=2
--bp=[27230940, 28230940]
--chr_col=[1, 1, 1]
--snp_col=[4, 4, 4]
--bp_col=[2, 2, 2]
--a1_col=[5, 5, 5]
--a2_col=[6, 6, 6]
--eff_col=[8, 8, 8]
--se_col=[9, 9, 9]
--pval_col=[10, 10, 10]
--plink=plink
--keep-ambig=TRUE
--maf=0.01
--n_sig=5
--level=0.95
--min_purity=0.5
--mult-step=TRUE
--full_out=FALSE
--pval_thresh=1e-06
--max_iter=100
--tol=0.0001
--precmp=True


... parse reference file: /scratch/phanso1/susiex_ld_eas_ref.bim ...
... 1123 SNPs in the fine-mapping region read from /scratch/phanso1/susiex_ld_eas_ref.bim ...
... parse reference file: /scratch/phanso1/susiex_ld_eur_ref.bim ...
... 1732 SNPs in the fine-mapping region read from /scratch/phanso1/susiex_ld_eur_ref.bim ...
... parse reference file: /scratch/phanso1/susiex_ld_sas_ref.bim ...
... 1475 SNPs in the fine-mapping region read from /scratch/phanso1/susiex_ld_sas_ref.bim ...
... parse sumstats file: /scratch/phanso1/DIAMANTE-EAS.sumstat-for_susiex.txt ...
... 0 SNPs in the fine-mapping region read from /scratch/phanso1/DIAMANTE-EAS.sumstat-for_susiex.txt ...
... 0 common SNPs in the reference and sumstats ...
... parse sumstats file: /scratch/phanso1/DIAMANTE-EUR.sumstat-for_susiex.txt ...
... 0 SNPs in the fine-mapping region read from /scratch/phanso1/DIAMANTE-EUR.sumstat-for_susiex.txt ...
... 0 common SNPs in the reference and sumstats ...
... parse sumstats file: /scratch/phanso1/DIAMANTE-SAS.sumstat-for_susiex.txt ...
... 0 SNPs in the fine-mapping region read from /scratch/phanso1/DIAMANTE-SAS.sumstat-for_susiex.txt ...
... 0 common SNPs in the reference and sumstats ...
... parse LD file: /scratch/phanso1/susiex_ld_eas.ld.gz ...
... (0,) LD matrix read from /scratch/phanso1/susiex_ld_eas.ld.gz ...
... parse LD file: /scratch/phanso1/susiex_ld_eur.ld.gz ...
... (0,) LD matrix read from /scratch/phanso1/susiex_ld_eur.ld.gz ...
... parse LD file: /scratch/phanso1/susiex_ld_sas.ld.gz ...
... (0,) LD matrix read from /scratch/phanso1/susiex_ld_sas.ld.gz ...
... align summary statistics and LD references across populations ...
... a total of 0 SNPs across populations ...
Traceback (most recent call last):
  File "/home/phanso1/fm-cmp/scratch/../third_party/SuSiEx/SuSiEx.py", line 232, in <module>
    main()
  File "/home/phanso1/fm-cmp/scratch/../third_party/SuSiEx/SuSiEx.py", line 183, in main
    snp_dict, beta, tau_sq, pval, logp, pval_min, ind, ld = parse_genet.align_sumstats(sst_dict, ld_dict, n_pop)
                                                            ^^^^^^^^^^^^^^^^^^^^^^^^^^^^^^^^^^^^^^^^^^^^^^^^^^^^
  File "/home/phanso1/fm-cmp/third_party/SuSiEx/parse_genet.py", line 282, in align_sumstats
    snp_dict['A1'][idx,pp] = [sst_dict[pp]['A1'][jj] for jj in idx_pp]
    ~~~~~~~~~~~~~~^^^^^^^^
IndexError: too many indices for array: array is 1-dimensional, but 2 were indexed
